2025-09-19 15:17:43,970 - utils - WARNING - get_adjacency_matrix:186 - No PAE matrix found for A0A087WUL8, using distance-only adjacency
2025-09-19 15:56:51,352 - utils - WARNING - get_adjacency_matrix:186 - No PAE matrix found for A0A087WUL8, using distance-only adjacency
2025-09-19 16:03:45,354 - utils - WARNING - get_adjacency_matrix:186 - No PAE matrix found for O14686, using distance-only adjacency
2025-09-19 16:04:45,952 - utils - WARNING - get_adjacency_matrix:186 - No PAE matrix found for O15018, using distance-only adjacency
2025-09-19 16:05:02,295 - utils - WARNING - get_adjacency_matrix:186 - No PAE matrix found for O15050, using distance-only adjacency
2025-09-19 16:05:41,753 - utils - WARNING - get_adjacency_matrix:186 - No PAE matrix found for O15230, using distance-only adjacency
2025-09-19 16:06:14,293 - utils - WARNING - get_adjacency_matrix:186 - No PAE matrix found for O15417, using distance-only adjacency
2025-09-19 16:06:42,267 - utils - WARNING - get_adjacency_matrix:186 - No PAE matrix found for O43149, using distance-only adjacency
2025-09-19 16:08:36,351 - utils - WARNING - get_adjacency_matrix:186 - No PAE matrix found for O60229, using distance-only adjacency
2025-09-19 16:08:52,736 - utils - WARNING - get_adjacency_matrix:186 - No PAE matrix found for O60281, using distance-only adjacency
2025-09-19 16:09:41,174 - utils - WARNING - get_adjacency_matrix:186 - No PAE matrix found for O60494, using distance-only adjacency
2025-09-19 16:10:09,265 - utils - WARNING - get_adjacency_matrix:186 - No PAE matrix found for O60673, using distance-only adjacency
2025-09-19 16:16:01,507 - utils - WARNING - get_adjacency_matrix:186 - No PAE matrix found for A0A087WUL8, using distance-only adjacency
2025-09-19 16:25:17,740 - utils - WARNING - get_adjacency_matrix:186 - No PAE matrix found for O14686, using distance-only adjacency
2025-09-19 16:26:21,016 - utils - WARNING - get_adjacency_matrix:186 - No PAE matrix found for O43149, using distance-only adjacency
2025-09-19 16:27:08,945 - utils - WARNING - get_adjacency_matrix:186 - No PAE matrix found for O60229, using distance-only adjacency
2025-09-19 16:27:33,636 - utils - WARNING - get_adjacency_matrix:186 - No PAE matrix found for O60494, using distance-only adjacency
2025-09-19 16:27:44,274 - utils - WARNING - get_adjacency_matrix:186 - No PAE matrix found for O60673, using distance-only adjacency
2025-09-19 16:28:27,166 - utils - WARNING - get_adjacency_matrix:186 - No PAE matrix found for O75592, using distance-only adjacency
2025-09-19 16:28:49,618 - utils - WARNING - get_adjacency_matrix:186 - No PAE matrix found for O75962, using distance-only adjacency
2025-09-19 16:29:14,806 - utils - WARNING - get_adjacency_matrix:186 - No PAE matrix found for O95071, using distance-only adjacency
2025-09-19 16:29:50,745 - utils - WARNING - get_adjacency_matrix:186 - No PAE matrix found for O95714, using distance-only adjacency
2025-09-19 16:33:50,886 - utils - WARNING - get_adjacency_matrix:186 - No PAE matrix found for P20930, using distance-only adjacency
2025-09-19 16:34:07,397 - utils - WARNING - get_adjacency_matrix:186 - No PAE matrix found for P21817, using distance-only adjacency
2025-09-19 16:37:01,260 - utils - WARNING - get_adjacency_matrix:186 - No PAE matrix found for P46013, using distance-only adjacency
2025-09-19 16:37:14,542 - utils - WARNING - get_adjacency_matrix:186 - No PAE matrix found for P46939, using distance-only adjacency
2025-09-19 16:39:37,930 - utils - WARNING - get_adjacency_matrix:186 - No PAE matrix found for P78509, using distance-only adjacency
2025-09-19 16:40:05,518 - utils - WARNING - get_adjacency_matrix:186 - No PAE matrix found for P98160, using distance-only adjacency
2025-09-19 16:40:14,021 - utils - WARNING - get_adjacency_matrix:186 - No PAE matrix found for P98164, using distance-only adjacency
2025-09-19 16:40:42,892 - utils - WARNING - get_adjacency_matrix:186 - No PAE matrix found for Q02224, using distance-only adjacency
2025-09-19 16:40:54,570 - utils - WARNING - get_adjacency_matrix:186 - No PAE matrix found for Q03164, using distance-only adjacency
2025-09-19 16:41:45,445 - utils - WARNING - get_adjacency_matrix:186 - No PAE matrix found for Q0VDD8, using distance-only adjacency
2025-09-19 16:43:08,703 - utils - WARNING - get_adjacency_matrix:186 - No PAE matrix found for Q14204, using distance-only adjacency
2025-09-19 16:43:21,785 - utils - WARNING - get_adjacency_matrix:186 - No PAE matrix found for Q14571, using distance-only adjacency
2025-09-19 16:43:28,390 - utils - WARNING - get_adjacency_matrix:186 - No PAE matrix found for Q14643, using distance-only adjacency
2025-09-19 16:44:20,295 - utils - WARNING - get_adjacency_matrix:186 - No PAE matrix found for Q15751, using distance-only adjacency
2025-09-19 16:44:28,597 - utils - WARNING - get_adjacency_matrix:186 - No PAE matrix found for Q15772, using distance-only adjacency
2025-09-19 16:45:19,885 - utils - WARNING - get_adjacency_matrix:186 - No PAE matrix found for Q3L8U1, using distance-only adjacency
2025-09-19 16:46:15,960 - utils - WARNING - get_adjacency_matrix:186 - No PAE matrix found for Q5T4S7, using distance-only adjacency
2025-09-19 16:48:02,397 - utils - WARNING - get_adjacency_matrix:186 - No PAE matrix found for Q6ZR08, using distance-only adjacency
2025-09-19 16:48:06,764 - utils - WARNING - get_adjacency_matrix:186 - No PAE matrix found for Q6ZRS2, using distance-only adjacency
2025-09-19 16:48:20,990 - utils - WARNING - get_adjacency_matrix:186 - No PAE matrix found for Q70CQ2, using distance-only adjacency
2025-09-19 16:49:11,582 - utils - WARNING - get_adjacency_matrix:186 - No PAE matrix found for Q7Z6Z7, using distance-only adjacency
2025-09-19 16:50:12,480 - utils - WARNING - get_adjacency_matrix:186 - No PAE matrix found for Q8IVF4, using distance-only adjacency
2025-09-19 16:50:59,490 - utils - WARNING - get_adjacency_matrix:186 - No PAE matrix found for Q8IZQ1, using distance-only adjacency
2025-09-19 16:51:55,539 - utils - WARNING - get_adjacency_matrix:186 - No PAE matrix found for Q8NCM8, using distance-only adjacency
2025-09-19 16:52:13,894 - utils - WARNING - get_adjacency_matrix:186 - No PAE matrix found for Q8NEZ4, using distance-only adjacency
2025-09-19 16:52:45,565 - utils - WARNING - get_adjacency_matrix:186 - No PAE matrix found for Q8TD26, using distance-only adjacency
2025-09-19 16:52:51,736 - utils - WARNING - get_adjacency_matrix:186 - No PAE matrix found for Q8TD57, using distance-only adjacency
2025-09-19 16:53:08,171 - utils - WARNING - get_adjacency_matrix:186 - No PAE matrix found for Q8TE73, using distance-only adjacency
2025-09-19 16:53:43,780 - utils - WARNING - get_adjacency_matrix:186 - No PAE matrix found for Q8WXX0, using distance-only adjacency
2025-09-19 16:54:49,209 - utils - WARNING - get_adjacency_matrix:186 - No PAE matrix found for Q96DT5, using distance-only adjacency
2025-09-19 16:55:22,087 - utils - WARNING - get_adjacency_matrix:186 - No PAE matrix found for Q96JB1, using distance-only adjacency
2025-09-19 16:57:55,872 - utils - WARNING - get_adjacency_matrix:186 - No PAE matrix found for Q9C0G6, using distance-only adjacency
2025-09-19 16:59:26,050 - utils - WARNING - get_adjacency_matrix:186 - No PAE matrix found for Q9HC84, using distance-only adjacency
2025-09-19 17:00:48,383 - utils - WARNING - get_adjacency_matrix:186 - No PAE matrix found for Q9NU22, using distance-only adjacency
2025-09-19 17:01:27,658 - utils - WARNING - get_adjacency_matrix:186 - No PAE matrix found for Q9NYC9, using distance-only adjacency
2025-09-19 17:01:58,296 - utils - WARNING - get_adjacency_matrix:186 - No PAE matrix found for Q9P225, using distance-only adjacency
2025-09-19 17:02:07,978 - utils - WARNING - get_adjacency_matrix:186 - No PAE matrix found for Q9P2D1, using distance-only adjacency
2025-09-19 17:02:28,699 - utils - WARNING - get_adjacency_matrix:186 - No PAE matrix found for Q9P2P6, using distance-only adjacency
2025-09-19 17:02:55,356 - utils - WARNING - get_adjacency_matrix:186 - No PAE matrix found for Q9UFH2, using distance-only adjacency
2025-09-19 17:03:33,785 - utils - WARNING - get_adjacency_matrix:186 - No PAE matrix found for Q9UKN7, using distance-only adjacency
2025-09-19 17:04:06,488 - utils - WARNING - get_adjacency_matrix:186 - No PAE matrix found for Q9UMN6, using distance-only adjacency
